<!DOCTYPE html PUBLIC "-//W3C//DTD XHTML 1.1//EN" "https://www.w3.org/TR/xhtml11/DTD/xhtml11.dtd">
<html xmlns="https://www.w3.org/1999/xhtml">
<head>
<meta charset='utf-8'>
<title>TestNG Report</title>
<style type="text/css">
table {margin-bottom:10px;border-collapse:collapse;empty-cells:show}
td,th {border:1px solid #009;padding:.25em .5em}
.result th {vertical-align:bottom}
.param th {padding-left:1em;padding-right:1em}
.param td {padding-left:.5em;padding-right:2em}
.stripe td,.stripe th {background-color: #E6EBF9}
.numi,.numi_attn {text-align:right}
.total td {font-weight:bold}
.passedodd td {background-color: #0A0}
.passedeven td {background-color: #3F3}
.skippedodd td {background-color: #CCC}
.skippedodd td {background-color: #DDD}
.failedodd td,.numi_attn {background-color: #F33}
.failedeven td,.stripe .numi_attn {background-color: #D00}
.stacktrace {white-space:pre;font-family:monospace}
.totop {font-size:85%;text-align:center;border-bottom:2px solid #000}
</style>
</head>
<body>
<table cellspacing="0" cellpadding="0" class="testOverview">
<tr><th>Test</th><th>Methods<br/>Passed</th><th>Scenarios<br/>Passed</th><th># skipped</th><th># failed</th><th>Total<br/>Time</th><th>Included<br/>Groups</th><th>Excluded<br/>Groups</th></tr>
<tr><td style="text-align:left;padding-right:2em"><a href="#t1">ECommerceTest 1</a></td><td class="numi">10</td><td class="numi">10</td><td class="numi">0</td><td class="numi">0</td><td class="numi">61.9 seconds</td><td class="numi"></td><td class="numi"></td></tr>
<tr class="stripe"><td style="text-align:left;padding-right:2em"><a href="#t2">ECommerceTest 2</a></td><td class="numi">1</td><td class="numi">1</td><td class="numi">0</td><td class="numi_attn">1</td><td class="numi">8.0 seconds</td><td class="numi"></td><td class="numi"></td></tr>
<tr><td style="text-align:left;padding-right:2em"><a href="#t3">ECommerceTest 3</a></td><td class="numi">0</td><td class="numi">0</td><td class="numi">0</td><td class="numi_attn">1</td><td class="numi">12.1 seconds</td><td class="numi"></td><td class="numi"></td></tr>
<tr class="stripe"><td style="text-align:left;padding-right:2em"><a href="#t4">ECommerceTest 4</a></td><td class="numi">3</td><td class="numi">1</td><td class="numi">0</td><td class="numi_attn">3</td><td class="numi">11.0 seconds</td><td class="numi"></td><td class="numi"></td></tr>
<tr><td style="text-align:left;padding-right:2em"><a href="#t5">ECommerceTest 5</a></td><td class="numi">3</td><td class="numi">1</td><td class="numi">0</td><td class="numi_attn">3</td><td class="numi">10.6 seconds</td><td class="numi"></td><td class="numi"></td></tr>
<tr class="stripe"><td style="text-align:left;padding-right:2em"><a href="#t6">ECommerceTest 6</a></td><td class="numi">1</td><td class="numi">1</td><td class="numi">0</td><td class="numi">0</td><td class="numi">10.3 seconds</td><td class="numi"></td><td class="numi"></td></tr>
<tr><td style="text-align:left;padding-right:2em"><a href="#t7">ECommerceTest 7</a></td><td class="numi">1</td><td class="numi">1</td><td class="numi">0</td><td class="numi_attn">1</td><td class="numi">14.7 seconds</td><td class="numi"></td><td class="numi"></td></tr>
<tr class="stripe"><td style="text-align:left;padding-right:2em"><a href="#t8">ECommerceTest 8</a></td><td class="numi">2</td><td class="numi">2</td><td class="numi">0</td><td class="numi">0</td><td class="numi">18.9 seconds</td><td class="numi"></td><td class="numi"></td></tr>
<tr class="total"><td>Total</td>
<td class="numi">21</td><td class="numi">17</td><td class="numi">0</td><td class="numi_attn">9</td><td class="numi">147.6 seconds</td><td colspan="2">&nbsp;</td></tr>
</table>
<table cellspacing="0" cellpadding="0" class="methodOverview" id="summary">
<tr><th>Class</th><th>Method</th><th># of<br/>Scenarios</th><th>Start</th><th>Time<br/>(ms)</th></tr>
<tr id="t1"><th colspan="5">ECommerceTest 1 &#8212; passed</th></tr>
<tr class="passedodd"><td rowspan="10">SuccessfulOrder_Test_Cases</td><td><a href="#m1"><b>Search_text</b> (group1) </a></td><td class="numi">1</td><td>1707418745744</td><td class="numi">2036</td></tr><tr class="passedodd"><td><a href="#m2"><b>payment_methods</b>  </a></td><td class="numi">1</td><td>1707418789978</td><td class="numi">6231</td></tr><tr class="passedodd"><td><a href="#m3"><b>Add_to_cart</b>  </a></td><td class="numi">1</td><td>1707418750955</td><td class="numi">3139</td></tr><tr class="passedodd"><td><a href="#m4"><b>Check_out</b>  </a></td><td class="numi">1</td><td>1707418756851</td><td class="numi">5106</td></tr><tr class="passedodd"><td><a href="#m5"><b>Shopping_cart</b>  </a></td><td class="numi">1</td><td>1707418754095</td><td class="numi">2755</td></tr><tr class="passedodd"><td><a href="#m6"><b>confirm_orders_and_finish</b>  </a></td><td class="numi">1</td><td>1707418796210</td><td class="numi">4574</td></tr><tr class="passedodd"><td><a href="#m7"><b>Check_out_as_gust</b>  </a></td><td class="numi">1</td><td>1707418761958</td><td class="numi">2911</td></tr><tr class="passedodd"><td><a href="#m8"><b>selected_options</b> (group1) </a></td><td class="numi">1</td><td>1707418747789</td><td class="numi">3165</td></tr><tr class="passedodd"><td><a href="#m9"><b>shipping_methods</b>  </a></td><td class="numi">1</td><td>1707418785832</td><td class="numi">4145</td></tr><tr class="passedodd"><td><a href="#m10"><b>billing_address_checkout</b>  </a></td><td class="numi">1</td><td>1707418764875</td><td class="numi">20956</td></tr>
<tr id="t2"><th colspan="5">ECommerceTest 2 &#8212; failed</th></tr>
<tr class="failedodd"><td>Search_Item_Test_Cases</td><td><a href="#m11"><b>Failed_Search</b>  </a></td><td class="numi">1</td><td>1707418808220</td><td class="numi">678</td></tr>
<tr><th colspan="5">ECommerceTest 2 &#8212; passed</th></tr>
<tr class="passedodd"><td>Search_Item_Test_Cases</td><td><a href="#m12"><b>Correct_Search</b>  </a></td><td class="numi">1</td><td>1707418806743</td><td class="numi">1476</td></tr>
<tr id="t3"><th colspan="5">ECommerceTest 3 &#8212; failed</th></tr>
<tr class="failedodd"><td>AddToWishList_Test_Cases</td><td><a href="#m13"><b>WishList_Tests</b>  </a></td><td class="numi">1</td><td>1707418814484</td><td class="numi">6536</td></tr>
<tr id="t4"><th colspan="5">ECommerceTest 4 &#8212; failed</th></tr>
<tr class="failedodd"><td rowspan="3">RegisterPage_Test_Cases</td><td><a href="#m14"><b>Register_TC</b>  </a></td><td class="numi">2</td><td>1707418826744</td><td class="numi">3253</td></tr><tr class="failedodd"><td><a href="#m15"><b>Register_TC</b>  </a></td><td class="numi">2</td><td>1707418826744</td><td class="numi">3253</td></tr><tr class="failedodd"><td><a href="#m16"><b>Register_TC</b>  </a></td><td class="numi">2</td><td>1707418826744</td><td class="numi">3253</td></tr>
<tr><th colspan="5">ECommerceTest 4 &#8212; passed</th></tr>
<tr class="passedodd"><td rowspan="3">RegisterPage_Test_Cases</td><td><a href="#m17"><b>Register_TC</b>  </a></td><td class="numi">1</td><td>1707418830000</td><td class="numi">2050</td></tr><tr class="passedodd"><td><a href="#m18"><b>Register_TC</b>  </a></td><td class="numi">1</td><td>1707418830000</td><td class="numi">2050</td></tr><tr class="passedodd"><td><a href="#m19"><b>Register_TC</b>  </a></td><td class="numi">1</td><td>1707418830000</td><td class="numi">2050</td></tr>
<tr id="t5"><th colspan="5">ECommerceTest 5 &#8212; failed</th></tr>
<tr class="failedodd"><td rowspan="3">LoginPage_Test_Cases</td><td><a href="#m20"><b>Login_TCs</b>  </a></td><td class="numi">2</td><td>1707418837737</td><td class="numi">3184</td></tr><tr class="failedodd"><td><a href="#m21"><b>Login_TCs</b>  </a></td><td class="numi">2</td><td>1707418837737</td><td class="numi">3184</td></tr><tr class="failedodd"><td><a href="#m22"><b>Login_TCs</b>  </a></td><td class="numi">2</td><td>1707418837737</td><td class="numi">3184</td></tr>
<tr><th colspan="5">ECommerceTest 5 &#8212; passed</th></tr>
<tr class="passedodd"><td rowspan="3">LoginPage_Test_Cases</td><td><a href="#m23"><b>Login_TCs</b>  </a></td><td class="numi">1</td><td>1707418840922</td><td class="numi">1800</td></tr><tr class="passedodd"><td><a href="#m24"><b>Login_TCs</b>  </a></td><td class="numi">1</td><td>1707418840922</td><td class="numi">1800</td></tr><tr class="passedodd"><td><a href="#m25"><b>Login_TCs</b>  </a></td><td class="numi">1</td><td>1707418840922</td><td class="numi">1800</td></tr>
<tr id="t6"><th colspan="5">ECommerceTest 6 &#8212; passed</th></tr>
<tr class="passedodd"><td>ChangeCurrency_Test_Cases</td><td><a href="#m26"><b>setChangeCurrency</b>  </a></td><td class="numi">1</td><td>1707418848475</td><td class="numi">4460</td></tr>
<tr id="t7"><th colspan="5">ECommerceTest 7 &#8212; failed</th></tr>
<tr class="failedodd"><td>AddToCart_Test_Cases</td><td><a href="#m27"><b>Check_Added_computer_to_shopping_cart</b>  </a></td><td class="numi">1</td><td>1707418866508</td><td class="numi">1117</td></tr>
<tr><th colspan="5">ECommerceTest 7 &#8212; passed</th></tr>
<tr class="passedodd"><td>AddToCart_Test_Cases</td><td><a href="#m28"><b>Add_computer</b>  </a></td><td class="numi">1</td><td>1707418858827</td><td class="numi">7680</td></tr>
<tr id="t8"><th colspan="5">ECommerceTest 8 &#8212; passed</th></tr>
<tr class="passedodd"><td rowspan="2">CompareTwoItem_Test_Cases</td><td><a href="#m29"><b>view_compare</b>  </a></td><td class="numi">1</td><td>1707418878226</td><td class="numi">8297</td></tr><tr class="passedodd"><td><a href="#m30"><b>Search</b>  </a></td><td class="numi">1</td><td>1707418873686</td><td class="numi">4539</td></tr>
</table>
<h1>ECommerceTest 1</h1>
<h2 id="m1">SuccessfulOrder_Test_Cases:Search_text</h2>
<p class="totop"><a href="#summary">back to summary</a></p>
<h2 id="m2">SuccessfulOrder_Test_Cases:payment_methods</h2>
<p class="totop"><a href="#summary">back to summary</a></p>
<h2 id="m3">SuccessfulOrder_Test_Cases:Add_to_cart</h2>
<p class="totop"><a href="#summary">back to summary</a></p>
<h2 id="m4">SuccessfulOrder_Test_Cases:Check_out</h2>
<p class="totop"><a href="#summary">back to summary</a></p>
<h2 id="m5">SuccessfulOrder_Test_Cases:Shopping_cart</h2>
<p class="totop"><a href="#summary">back to summary</a></p>
<h2 id="m6">SuccessfulOrder_Test_Cases:confirm_orders_and_finish</h2>
<p class="totop"><a href="#summary">back to summary</a></p>
<h2 id="m7">SuccessfulOrder_Test_Cases:Check_out_as_gust</h2>
<p class="totop"><a href="#summary">back to summary</a></p>
<h2 id="m8">SuccessfulOrder_Test_Cases:selected_options</h2>
<p class="totop"><a href="#summary">back to summary</a></p>
<h2 id="m9">SuccessfulOrder_Test_Cases:shipping_methods</h2>
<p class="totop"><a href="#summary">back to summary</a></p>
<h2 id="m10">SuccessfulOrder_Test_Cases:billing_address_checkout</h2>
<table cellspacing="0" cellpadding="0" class="result">
<tr class="param"><th>Parameter #1</th><th>Parameter #2</th><th>Parameter #3</th><th>Parameter #4</th><th>Parameter #5</th><th>Parameter #6</th><th>Parameter #7</th></tr>
<tr class="param stripe"><td>Ahmed</td>
<td>Khaled</td>
<td>Ahmed1234@gmail.com</td>
<td>cairo</td>
<td>eg</td>
<td>123456</td>
<td>01114789632</td>
</tr>
</table>
<p class="totop"><a href="#summary">back to summary</a></p>
<h1>ECommerceTest 2</h1>
<h2 id="m11">Search_Item_Test_Cases:Failed_Search</h2>
<div>
<div class="stacktrace">org.openqa.selenium.NoSuchElementException: no such element: Unable to locate element: {&quot;method&quot;:&quot;xpath&quot;,&quot;selector&quot;:&quot;//a[@href=&apos;/apple-icam&apos;]&quot;}
  (Session info: chrome=121.0.6167.140)
For documentation on this error, please visit: https://www.selenium.dev/documentation/webdriver/troubleshooting/errors#no-such-element-exception
Build info: version: &apos;4.17.0&apos;, revision: &apos;e52b1be057*&apos;
System info: os.name: &apos;Windows 10&apos;, os.arch: &apos;amd64&apos;, os.version: &apos;10.0&apos;, java.version: &apos;17.0.9&apos;
Driver info: org.openqa.selenium.chrome.ChromeDriver
Command: [ac4b8be86974f2d6374667802509975e, findElement {using=xpath, value=//a[@href=&apos;/apple-icam&apos;]}]
Capabilities {acceptInsecureCerts: false, browserName: chrome, browserVersion: 121.0.6167.140, chrome: {chromedriverVersion: 121.0.6167.85 (3f98d690ad7e..., userDataDir: C:\Users\BS\AppData\Local\T...}, fedcm:accounts: true, goog:chromeOptions: {debuggerAddress: localhost:58847}, networkConnectionEnabled: false, pageLoadStrategy: normal, platformName: windows, proxy: Proxy(), se:cdp: ws://localhost:58847/devtoo..., se:cdpVersion: 121.0.6167.140, setWindowRect: true, strictFileInteractability: false, timeouts: {implicit: 0, pageLoad: 300000, script: 30000}, unhandledPromptBehavior: dismiss and notify, webauthn:extension:credBlob: true, webauthn:extension:largeBlob: true, webauthn:extension:minPinLength: true, webauthn:extension:prf: true, webauthn:virtualAuthenticators: true}
Session ID: ac4b8be86974f2d6374667802509975e
	at org.openqa.selenium.remote.codec.w3c.W3CHttpResponseCodec.createException(W3CHttpResponseCodec.java:185)
	at org.openqa.selenium.remote.codec.w3c.W3CHttpResponseCodec.decode(W3CHttpResponseCodec.java:134)
	at org.openqa.selenium.remote.codec.w3c.W3CHttpResponseCodec.decode(W3CHttpResponseCodec.java:51)
	at org.openqa.selenium.remote.HttpCommandExecutor.execute(HttpCommandExecutor.java:190)
	at org.openqa.selenium.remote.service.DriverCommandExecutor.invokeExecute(DriverCommandExecutor.java:216)
	at org.openqa.selenium.remote.service.DriverCommandExecutor.execute(DriverCommandExecutor.java:174)
	at org.openqa.selenium.remote.RemoteWebDriver.execute(RemoteWebDriver.java:519)
	at org.openqa.selenium.remote.ElementLocation$ElementFinder$2.findElement(ElementLocation.java:165)
	at org.openqa.selenium.remote.ElementLocation.findElement(ElementLocation.java:59)
	at org.openqa.selenium.remote.RemoteWebDriver.findElement(RemoteWebDriver.java:356)
	at org.openqa.selenium.remote.RemoteWebDriver.findElement(RemoteWebDriver.java:350)
	at Search_Item_Test_Cases.Failed_Search(Search_Item_Test_Cases.java:41)
	at java.base/java.util.ArrayList.forEach(ArrayList.java:1511)
	at com.intellij.rt.testng.IDEARemoteTestNG.run(IDEARemoteTestNG.java:65)
	at com.intellij.rt.testng.RemoteTestNGStarter.main(RemoteTestNGStarter.java:105)
... Removed 29 stack frames</div>
</div>
<p class="totop"><a href="#summary">back to summary</a></p>
<h2 id="m12">Search_Item_Test_Cases:Correct_Search</h2>
<p class="totop"><a href="#summary">back to summary</a></p>
<h1>ECommerceTest 3</h1>
<h2 id="m13">AddToWishList_Test_Cases:WishList_Tests</h2>
<div>
<div class="stacktrace">org.openqa.selenium.ElementClickInterceptedException: element click intercepted: Element &lt;a href=&quot;/wishlist&quot; class=&quot;ico-wishlist&quot;&gt;...&lt;/a&gt; is not clickable at point (1165, 22). Other element would receive the click: &lt;p class=&quot;content&quot;&gt;...&lt;/p&gt;
  (Session info: chrome=121.0.6167.140)
Build info: version: &apos;4.17.0&apos;, revision: &apos;e52b1be057*&apos;
System info: os.name: &apos;Windows 10&apos;, os.arch: &apos;amd64&apos;, os.version: &apos;10.0&apos;, java.version: &apos;17.0.9&apos;
Driver info: org.openqa.selenium.chrome.ChromeDriver
Command: [fb0aa7e5dedd8ca479dc2841ae35e9bb, clickElement {id=3CC3548A1512D85B3019C42D224118E0_element_829}]
Capabilities {acceptInsecureCerts: false, browserName: chrome, browserVersion: 121.0.6167.140, chrome: {chromedriverVersion: 121.0.6167.85 (3f98d690ad7e..., userDataDir: C:\Users\BS\AppData\Local\T...}, fedcm:accounts: true, goog:chromeOptions: {debuggerAddress: localhost:58868}, networkConnectionEnabled: false, pageLoadStrategy: normal, platformName: windows, proxy: Proxy(), se:cdp: ws://localhost:58868/devtoo..., se:cdpVersion: 121.0.6167.140, setWindowRect: true, strictFileInteractability: false, timeouts: {implicit: 0, pageLoad: 300000, script: 30000}, unhandledPromptBehavior: dismiss and notify, webauthn:extension:credBlob: true, webauthn:extension:largeBlob: true, webauthn:extension:minPinLength: true, webauthn:extension:prf: true, webauthn:virtualAuthenticators: true}
Element: [[ChromeDriver: chrome on windows (fb0aa7e5dedd8ca479dc2841ae35e9bb)] -&gt; class name: ico-wishlist]
Session ID: fb0aa7e5dedd8ca479dc2841ae35e9bb
	at org.openqa.selenium.remote.codec.w3c.W3CHttpResponseCodec.createException(W3CHttpResponseCodec.java:185)
	at org.openqa.selenium.remote.codec.w3c.W3CHttpResponseCodec.decode(W3CHttpResponseCodec.java:134)
	at org.openqa.selenium.remote.codec.w3c.W3CHttpResponseCodec.decode(W3CHttpResponseCodec.java:51)
	at org.openqa.selenium.remote.HttpCommandExecutor.execute(HttpCommandExecutor.java:190)
	at org.openqa.selenium.remote.service.DriverCommandExecutor.invokeExecute(DriverCommandExecutor.java:216)
	at org.openqa.selenium.remote.service.DriverCommandExecutor.execute(DriverCommandExecutor.java:174)
	at org.openqa.selenium.remote.RemoteWebDriver.execute(RemoteWebDriver.java:519)
	at org.openqa.selenium.remote.RemoteWebElement.execute(RemoteWebElement.java:223)
	at org.openqa.selenium.remote.RemoteWebElement.click(RemoteWebElement.java:76)
	at PageBase.Clicking_On_Buttons(PageBase.java:15)
	at AddToWishList.Open_WishList(AddToWishList.java:36)
	at AddToWishList_Test_Cases.WishList_Tests(AddToWishList_Test_Cases.java:19)
	at java.base/java.util.ArrayList.forEach(ArrayList.java:1511)
	at com.intellij.rt.testng.IDEARemoteTestNG.run(IDEARemoteTestNG.java:65)
	at com.intellij.rt.testng.RemoteTestNGStarter.main(RemoteTestNGStarter.java:105)
... Removed 29 stack frames</div>
</div>
<p class="totop"><a href="#summary">back to summary</a></p>
<h1>ECommerceTest 4</h1>
<h2 id="m14">RegisterPage_Test_Cases:Register_TC</h2>
<table cellspacing="0" cellpadding="0" class="result">
<tr class="param"><th>Parameter #1</th><th>Parameter #2</th><th>Parameter #3</th><th>Parameter #4</th><th>Parameter #5</th></tr>
<tr class="param stripe"><td>tomsmith</td>
<td>SuperSecretPassword!</td>
<td>gmail</td>
<td>2244</td>
<td>1456</td>
</tr>
<tr><td colspan="5">
<div class="stacktrace">org.openqa.selenium.NoSuchElementException: no such element: Unable to locate element: {&quot;method&quot;:&quot;xpath&quot;,&quot;selector&quot;:&quot;//div [@class = &apos;result&apos;]&quot;}
  (Session info: chrome=121.0.6167.140)
For documentation on this error, please visit: https://www.selenium.dev/documentation/webdriver/troubleshooting/errors#no-such-element-exception
Build info: version: &apos;4.17.0&apos;, revision: &apos;e52b1be057*&apos;
System info: os.name: &apos;Windows 10&apos;, os.arch: &apos;amd64&apos;, os.version: &apos;10.0&apos;, java.version: &apos;17.0.9&apos;
Driver info: org.openqa.selenium.chrome.ChromeDriver
Command: [f6d73de70606d5e5f759337b383ca628, findElement {using=xpath, value=//div [@class = &apos;result&apos;]}]
Capabilities {acceptInsecureCerts: false, browserName: chrome, browserVersion: 121.0.6167.140, chrome: {chromedriverVersion: 121.0.6167.85 (3f98d690ad7e..., userDataDir: C:\Users\BS\AppData\Local\T...}, fedcm:accounts: true, goog:chromeOptions: {debuggerAddress: localhost:58891}, networkConnectionEnabled: false, pageLoadStrategy: normal, platformName: windows, proxy: Proxy(), se:cdp: ws://localhost:58891/devtoo..., se:cdpVersion: 121.0.6167.140, setWindowRect: true, strictFileInteractability: false, timeouts: {implicit: 0, pageLoad: 300000, script: 30000}, unhandledPromptBehavior: dismiss and notify, webauthn:extension:credBlob: true, webauthn:extension:largeBlob: true, webauthn:extension:minPinLength: true, webauthn:extension:prf: true, webauthn:virtualAuthenticators: true}
Session ID: f6d73de70606d5e5f759337b383ca628
	at org.openqa.selenium.remote.codec.w3c.W3CHttpResponseCodec.createException(W3CHttpResponseCodec.java:185)
	at org.openqa.selenium.remote.codec.w3c.W3CHttpResponseCodec.decode(W3CHttpResponseCodec.java:134)
	at org.openqa.selenium.remote.codec.w3c.W3CHttpResponseCodec.decode(W3CHttpResponseCodec.java:51)
	at org.openqa.selenium.remote.HttpCommandExecutor.execute(HttpCommandExecutor.java:190)
	at org.openqa.selenium.remote.service.DriverCommandExecutor.invokeExecute(DriverCommandExecutor.java:216)
	at org.openqa.selenium.remote.service.DriverCommandExecutor.execute(DriverCommandExecutor.java:174)
	at org.openqa.selenium.remote.RemoteWebDriver.execute(RemoteWebDriver.java:519)
	at org.openqa.selenium.remote.ElementLocation$ElementFinder$2.findElement(ElementLocation.java:165)
	at org.openqa.selenium.remote.ElementLocation.findElement(ElementLocation.java:59)
	at org.openqa.selenium.remote.RemoteWebDriver.findElement(RemoteWebDriver.java:356)
	at org.openqa.selenium.remote.RemoteWebDriver.findElement(RemoteWebDriver.java:350)
	at RegisterPage_Test_Cases.Register_TC(RegisterPage_Test_Cases.java:50)
	at java.base/java.util.ArrayList.forEach(ArrayList.java:1511)
	at com.intellij.rt.testng.IDEARemoteTestNG.run(IDEARemoteTestNG.java:65)
	at com.intellij.rt.testng.RemoteTestNGStarter.main(RemoteTestNGStarter.java:105)
... Removed 29 stack frames</div>
</td></tr>
</table>
<p class="totop"><a href="#summary">back to summary</a></p>
<h2 id="m15">RegisterPage_Test_Cases:Register_TC</h2>
<table cellspacing="0" cellpadding="0" class="result">
<tr class="param"><th>Parameter #1</th><th>Parameter #2</th><th>Parameter #3</th><th>Parameter #4</th><th>Parameter #5</th></tr>
<tr class="param stripe"><td>tomsm</td>
<td>  </td>
<td>gmail</td>
<td>0000</td>
<td>0000</td>
</tr>
<tr><td colspan="5">
<div class="stacktrace">org.openqa.selenium.NoSuchElementException: no such element: Unable to locate element: {&quot;method&quot;:&quot;xpath&quot;,&quot;selector&quot;:&quot;//div [@class = &apos;result&apos;]&quot;}
  (Session info: chrome=121.0.6167.140)
For documentation on this error, please visit: https://www.selenium.dev/documentation/webdriver/troubleshooting/errors#no-such-element-exception
Build info: version: &apos;4.17.0&apos;, revision: &apos;e52b1be057*&apos;
System info: os.name: &apos;Windows 10&apos;, os.arch: &apos;amd64&apos;, os.version: &apos;10.0&apos;, java.version: &apos;17.0.9&apos;
Driver info: org.openqa.selenium.chrome.ChromeDriver
Command: [f6d73de70606d5e5f759337b383ca628, findElement {using=xpath, value=//div [@class = &apos;result&apos;]}]
Capabilities {acceptInsecureCerts: false, browserName: chrome, browserVersion: 121.0.6167.140, chrome: {chromedriverVersion: 121.0.6167.85 (3f98d690ad7e..., userDataDir: C:\Users\BS\AppData\Local\T...}, fedcm:accounts: true, goog:chromeOptions: {debuggerAddress: localhost:58891}, networkConnectionEnabled: false, pageLoadStrategy: normal, platformName: windows, proxy: Proxy(), se:cdp: ws://localhost:58891/devtoo..., se:cdpVersion: 121.0.6167.140, setWindowRect: true, strictFileInteractability: false, timeouts: {implicit: 0, pageLoad: 300000, script: 30000}, unhandledPromptBehavior: dismiss and notify, webauthn:extension:credBlob: true, webauthn:extension:largeBlob: true, webauthn:extension:minPinLength: true, webauthn:extension:prf: true, webauthn:virtualAuthenticators: true}
Session ID: f6d73de70606d5e5f759337b383ca628
	at org.openqa.selenium.remote.codec.w3c.W3CHttpResponseCodec.createException(W3CHttpResponseCodec.java:185)
	at org.openqa.selenium.remote.codec.w3c.W3CHttpResponseCodec.decode(W3CHttpResponseCodec.java:134)
	at org.openqa.selenium.remote.codec.w3c.W3CHttpResponseCodec.decode(W3CHttpResponseCodec.java:51)
	at org.openqa.selenium.remote.HttpCommandExecutor.execute(HttpCommandExecutor.java:190)
	at org.openqa.selenium.remote.service.DriverCommandExecutor.invokeExecute(DriverCommandExecutor.java:216)
	at org.openqa.selenium.remote.service.DriverCommandExecutor.execute(DriverCommandExecutor.java:174)
	at org.openqa.selenium.remote.RemoteWebDriver.execute(RemoteWebDriver.java:519)
	at org.openqa.selenium.remote.ElementLocation$ElementFinder$2.findElement(ElementLocation.java:165)
	at org.openqa.selenium.remote.ElementLocation.findElement(ElementLocation.java:59)
	at org.openqa.selenium.remote.RemoteWebDriver.findElement(RemoteWebDriver.java:356)
	at org.openqa.selenium.remote.RemoteWebDriver.findElement(RemoteWebDriver.java:350)
	at RegisterPage_Test_Cases.Register_TC(RegisterPage_Test_Cases.java:50)
	at java.base/java.util.ArrayList.forEach(ArrayList.java:1511)
	at com.intellij.rt.testng.IDEARemoteTestNG.run(IDEARemoteTestNG.java:65)
	at com.intellij.rt.testng.RemoteTestNGStarter.main(RemoteTestNGStarter.java:105)
... Removed 29 stack frames</div>
</td></tr>
</table>
<p class="totop"><a href="#summary">back to summary</a></p>
<h2 id="m16">RegisterPage_Test_Cases:Register_TC</h2>
<table cellspacing="0" cellpadding="0" class="result">
<tr class="param"><th>Parameter #1</th><th>Parameter #2</th><th>Parameter #3</th><th>Parameter #4</th><th>Parameter #5</th></tr>
<tr class="param stripe"><td>mohamed</td>
<td>seraj</td>
<td>mohamed2030@gmail.com</td>
<td>123456789</td>
<td>123456789</td>
</tr>
</table>
<p class="totop"><a href="#summary">back to summary</a></p>
<h1>ECommerceTest 5</h1>
<h2 id="m17">LoginPage_Test_Cases:Login_TCs</h2>
<table cellspacing="0" cellpadding="0" class="result">
<tr class="param"><th>Parameter #1</th><th>Parameter #2</th></tr>
<tr class="param stripe"><td>mohamed770@gmail.com</td>
<td>8800</td>
</tr>
<tr><td colspan="2">
<div class="stacktrace">org.openqa.selenium.NoSuchElementException: no such element: Unable to locate element: {&quot;method&quot;:&quot;css selector&quot;,&quot;selector&quot;:&quot;.ico\-logout&quot;}
  (Session info: chrome=121.0.6167.140)
For documentation on this error, please visit: https://www.selenium.dev/documentation/webdriver/troubleshooting/errors#no-such-element-exception
Build info: version: &apos;4.17.0&apos;, revision: &apos;e52b1be057*&apos;
System info: os.name: &apos;Windows 10&apos;, os.arch: &apos;amd64&apos;, os.version: &apos;10.0&apos;, java.version: &apos;17.0.9&apos;
Driver info: org.openqa.selenium.chrome.ChromeDriver
Command: [2a7f464fbc3f17f1f7d2e3c0ff17f915, findElement {using=class name, value=ico-logout}]
Capabilities {acceptInsecureCerts: false, browserName: chrome, browserVersion: 121.0.6167.140, chrome: {chromedriverVersion: 121.0.6167.85 (3f98d690ad7e..., userDataDir: C:\Users\BS\AppData\Local\T...}, fedcm:accounts: true, goog:chromeOptions: {debuggerAddress: localhost:58913}, networkConnectionEnabled: false, pageLoadStrategy: normal, platformName: windows, proxy: Proxy(), se:cdp: ws://localhost:58913/devtoo..., se:cdpVersion: 121.0.6167.140, setWindowRect: true, strictFileInteractability: false, timeouts: {implicit: 0, pageLoad: 300000, script: 30000}, unhandledPromptBehavior: dismiss and notify, webauthn:extension:credBlob: true, webauthn:extension:largeBlob: true, webauthn:extension:minPinLength: true, webauthn:extension:prf: true, webauthn:virtualAuthenticators: true}
Session ID: 2a7f464fbc3f17f1f7d2e3c0ff17f915
	at org.openqa.selenium.remote.codec.w3c.W3CHttpResponseCodec.createException(W3CHttpResponseCodec.java:185)
	at org.openqa.selenium.remote.codec.w3c.W3CHttpResponseCodec.decode(W3CHttpResponseCodec.java:134)
	at org.openqa.selenium.remote.codec.w3c.W3CHttpResponseCodec.decode(W3CHttpResponseCodec.java:51)
	at org.openqa.selenium.remote.HttpCommandExecutor.execute(HttpCommandExecutor.java:190)
	at org.openqa.selenium.remote.service.DriverCommandExecutor.invokeExecute(DriverCommandExecutor.java:216)
	at org.openqa.selenium.remote.service.DriverCommandExecutor.execute(DriverCommandExecutor.java:174)
	at org.openqa.selenium.remote.RemoteWebDriver.execute(RemoteWebDriver.java:519)
	at org.openqa.selenium.remote.ElementLocation$ElementFinder$2.findElement(ElementLocation.java:165)
	at org.openqa.selenium.remote.ElementLocation.findElement(ElementLocation.java:59)
	at org.openqa.selenium.remote.RemoteWebDriver.findElement(RemoteWebDriver.java:356)
	at org.openqa.selenium.remote.RemoteWebDriver.findElement(RemoteWebDriver.java:350)
	at LoginPage_Test_Cases.Login_TCs(LoginPage_Test_Cases.java:35)
	at java.base/java.util.ArrayList.forEach(ArrayList.java:1511)
	at com.intellij.rt.testng.IDEARemoteTestNG.run(IDEARemoteTestNG.java:65)
	at com.intellij.rt.testng.RemoteTestNGStarter.main(RemoteTestNGStarter.java:105)
... Removed 29 stack frames</div>
</td></tr>
</table>
<p class="totop"><a href="#summary">back to summary</a></p>
<h2 id="m18">LoginPage_Test_Cases:Login_TCs</h2>
<table cellspacing="0" cellpadding="0" class="result">
<tr class="param"><th>Parameter #1</th><th>Parameter #2</th></tr>
<tr class="param stripe"><td>gmail</td>
<td>787878</td>
</tr>
<tr><td colspan="2">
<div class="stacktrace">org.openqa.selenium.NoSuchElementException: no such element: Unable to locate element: {&quot;method&quot;:&quot;css selector&quot;,&quot;selector&quot;:&quot;.ico\-logout&quot;}
  (Session info: chrome=121.0.6167.140)
For documentation on this error, please visit: https://www.selenium.dev/documentation/webdriver/troubleshooting/errors#no-such-element-exception
Build info: version: &apos;4.17.0&apos;, revision: &apos;e52b1be057*&apos;
System info: os.name: &apos;Windows 10&apos;, os.arch: &apos;amd64&apos;, os.version: &apos;10.0&apos;, java.version: &apos;17.0.9&apos;
Driver info: org.openqa.selenium.chrome.ChromeDriver
Command: [2a7f464fbc3f17f1f7d2e3c0ff17f915, findElement {using=class name, value=ico-logout}]
Capabilities {acceptInsecureCerts: false, browserName: chrome, browserVersion: 121.0.6167.140, chrome: {chromedriverVersion: 121.0.6167.85 (3f98d690ad7e..., userDataDir: C:\Users\BS\AppData\Local\T...}, fedcm:accounts: true, goog:chromeOptions: {debuggerAddress: localhost:58913}, networkConnectionEnabled: false, pageLoadStrategy: normal, platformName: windows, proxy: Proxy(), se:cdp: ws://localhost:58913/devtoo..., se:cdpVersion: 121.0.6167.140, setWindowRect: true, strictFileInteractability: false, timeouts: {implicit: 0, pageLoad: 300000, script: 30000}, unhandledPromptBehavior: dismiss and notify, webauthn:extension:credBlob: true, webauthn:extension:largeBlob: true, webauthn:extension:minPinLength: true, webauthn:extension:prf: true, webauthn:virtualAuthenticators: true}
Session ID: 2a7f464fbc3f17f1f7d2e3c0ff17f915
	at org.openqa.selenium.remote.codec.w3c.W3CHttpResponseCodec.createException(W3CHttpResponseCodec.java:185)
	at org.openqa.selenium.remote.codec.w3c.W3CHttpResponseCodec.decode(W3CHttpResponseCodec.java:134)
	at org.openqa.selenium.remote.codec.w3c.W3CHttpResponseCodec.decode(W3CHttpResponseCodec.java:51)
	at org.openqa.selenium.remote.HttpCommandExecutor.execute(HttpCommandExecutor.java:190)
	at org.openqa.selenium.remote.service.DriverCommandExecutor.invokeExecute(DriverCommandExecutor.java:216)
	at org.openqa.selenium.remote.service.DriverCommandExecutor.execute(DriverCommandExecutor.java:174)
	at org.openqa.selenium.remote.RemoteWebDriver.execute(RemoteWebDriver.java:519)
	at org.openqa.selenium.remote.ElementLocation$ElementFinder$2.findElement(ElementLocation.java:165)
	at org.openqa.selenium.remote.ElementLocation.findElement(ElementLocation.java:59)
	at org.openqa.selenium.remote.RemoteWebDriver.findElement(RemoteWebDriver.java:356)
	at org.openqa.selenium.remote.RemoteWebDriver.findElement(RemoteWebDriver.java:350)
	at LoginPage_Test_Cases.Login_TCs(LoginPage_Test_Cases.java:35)
	at java.base/java.util.ArrayList.forEach(ArrayList.java:1511)
	at com.intellij.rt.testng.IDEARemoteTestNG.run(IDEARemoteTestNG.java:65)
	at com.intellij.rt.testng.RemoteTestNGStarter.main(RemoteTestNGStarter.java:105)
... Removed 29 stack frames</div>
</td></tr>
</table>
<p class="totop"><a href="#summary">back to summary</a></p>
<h2 id="m19">LoginPage_Test_Cases:Login_TCs</h2>
<table cellspacing="0" cellpadding="0" class="result">
<tr class="param"><th>Parameter #1</th><th>Parameter #2</th></tr>
<tr class="param stripe"><td>mohamed2030@gmail.com</td>
<td>123456789</td>
</tr>
</table>
<p class="totop"><a href="#summary">back to summary</a></p>
<h1>ECommerceTest 6</h1>
<h2 id="m20">ChangeCurrency_Test_Cases:setChangeCurrency</h2>
<p class="totop"><a href="#summary">back to summary</a></p>
<h1>ECommerceTest 7</h1>
<h2 id="m21">AddToCart_Test_Cases:Check_Added_computer_to_shopping_cart</h2>
<div>
<div class="stacktrace">org.openqa.selenium.ElementClickInterceptedException: element click intercepted: Element &lt;a href=&quot;/cart&quot; class=&quot;ico-cart&quot;&gt;...&lt;/a&gt; is not clickable at point (1285, 22). Other element would receive the click: &lt;p class=&quot;content&quot;&gt;...&lt;/p&gt;
  (Session info: chrome=121.0.6167.140)
Build info: version: &apos;4.17.0&apos;, revision: &apos;e52b1be057*&apos;
System info: os.name: &apos;Windows 10&apos;, os.arch: &apos;amd64&apos;, os.version: &apos;10.0&apos;, java.version: &apos;17.0.9&apos;
Driver info: org.openqa.selenium.chrome.ChromeDriver
Command: [67e041b1169c813ab37e1c4233c7799a, clickElement {id=31BE835635B5888DCB96B4C2785F79EA_element_816}]
Capabilities {acceptInsecureCerts: false, browserName: chrome, browserVersion: 121.0.6167.140, chrome: {chromedriverVersion: 121.0.6167.85 (3f98d690ad7e..., userDataDir: C:\Users\BS\AppData\Local\T...}, fedcm:accounts: true, goog:chromeOptions: {debuggerAddress: localhost:58960}, networkConnectionEnabled: false, pageLoadStrategy: normal, platformName: windows, proxy: Proxy(), se:cdp: ws://localhost:58960/devtoo..., se:cdpVersion: 121.0.6167.140, setWindowRect: true, strictFileInteractability: false, timeouts: {implicit: 0, pageLoad: 300000, script: 30000}, unhandledPromptBehavior: dismiss and notify, webauthn:extension:credBlob: true, webauthn:extension:largeBlob: true, webauthn:extension:minPinLength: true, webauthn:extension:prf: true, webauthn:virtualAuthenticators: true}
Element: [[ChromeDriver: chrome on windows (67e041b1169c813ab37e1c4233c7799a)] -&gt; xpath: //a [@class = &apos;ico-cart&apos;]]
Session ID: 67e041b1169c813ab37e1c4233c7799a
	at org.openqa.selenium.remote.codec.w3c.W3CHttpResponseCodec.createException(W3CHttpResponseCodec.java:185)
	at org.openqa.selenium.remote.codec.w3c.W3CHttpResponseCodec.decode(W3CHttpResponseCodec.java:134)
	at org.openqa.selenium.remote.codec.w3c.W3CHttpResponseCodec.decode(W3CHttpResponseCodec.java:51)
	at org.openqa.selenium.remote.HttpCommandExecutor.execute(HttpCommandExecutor.java:190)
	at org.openqa.selenium.remote.service.DriverCommandExecutor.invokeExecute(DriverCommandExecutor.java:216)
	at org.openqa.selenium.remote.service.DriverCommandExecutor.execute(DriverCommandExecutor.java:174)
	at org.openqa.selenium.remote.RemoteWebDriver.execute(RemoteWebDriver.java:519)
	at org.openqa.selenium.remote.RemoteWebElement.execute(RemoteWebElement.java:223)
	at org.openqa.selenium.remote.RemoteWebElement.click(RemoteWebElement.java:76)
	at PageBase.Clicking_On_Buttons(PageBase.java:15)
	at AddToCart.Clicking_on_shopping_cart(AddToCart.java:52)
	at AddToCart_Test_Cases.Check_Added_computer_to_shopping_cart(AddToCart_Test_Cases.java:38)
	at java.base/java.util.ArrayList.forEach(ArrayList.java:1511)
	at com.intellij.rt.testng.IDEARemoteTestNG.run(IDEARemoteTestNG.java:65)
	at com.intellij.rt.testng.RemoteTestNGStarter.main(RemoteTestNGStarter.java:105)
... Removed 29 stack frames</div>
</div>
<p class="totop"><a href="#summary">back to summary</a></p>
<h2 id="m22">AddToCart_Test_Cases:Add_computer</h2>
<p class="totop"><a href="#summary">back to summary</a></p>
<h1>ECommerceTest 8</h1>
<h2 id="m23">CompareTwoItem_Test_Cases:view_compare</h2>
<p class="totop"><a href="#summary">back to summary</a></p>
<h2 id="m24">CompareTwoItem_Test_Cases:Search</h2>
<p class="totop"><a href="#summary">back to summary</a></p>
</body></html>
